[www.alexdevero.com/index.html]
[backblue.gif]
[fade.gif]
[index.html]
[www.alexdevero.com/_next/static/css/f0ec7b14a783b892.css]
[www.alexdevero.com/_next/static/chunks/polyfills-5cd94c89d3acac5f.js]
[www.alexdevero.com/_next/static/chunks/webpack-cb7634a8b6194820.js]
[www.alexdevero.com/_next/static/chunks/framework-a87821de553db91d.js]
[www.alexdevero.com/_next/static/chunks/main-d8b1ff545a609496.js]
[www.alexdevero.com/_next/static/chunks/pages/_app-8ae74bda74ecd5e1.js]
[www.alexdevero.com/_next/static/chunks/996-9e3c12b77542c098.js]
[www.alexdevero.com/_next/static/chunks/pages/index-de81fe8e670a6dd0.js]
[www.alexdevero.com/_next/static/lNi3AaWFwku2jTXnMe8Fe/_buildManifest.js]
[www.alexdevero.com/_next/static/lNi3AaWFwku2jTXnMe8Fe/_ssgManifest.js]
[www.alexdevero.com/_next/static/lNi3AaWFwku2jTXnMe8Fe/_middlewareManifest.js]
[www.alexdevero.com/projects]
[www.alexdevero.com/about]
[www.alexdevero.com/contact]
[www.alexdevero.com/index.html]
[www.alexdevero.com/_next/static/css/f0ec7b14a783b892.css]
[www.alexdevero.com/_next/static/chunks/642-8aed0407c3b50f30.js]
[www.alexdevero.com/_next/static/chunks/940-879e776807973ad6.js]
[www.alexdevero.com/_next/static/chunks/pages/projects-1e4fce7d7bb253bb.js]
[www.alexdevero.com/projects]
[www.alexdevero.com/_next/static/chunks/471-d4f5022012bf283a.js]
[www.alexdevero.com/_next/static/chunks/pages/about-7703d10d7cccb1fa.js]
[www.alexdevero.com/about]
[www.alexdevero.com/_next/static/chunks/pages/contact-474c61cd7149c887.js]
[www.alexdevero.com/contact]
